
FEMechanicsExplicitIntegrator: mesh part 0 is using FIRST order LAGRANGE finite elements.


IIMethod: mesh part 0 is using FIRST order LAGRANGE finite elements.

IBHierarchyIntegrator::initializePatchHierarchy(): tag_buffer = 3
Warning in file ``/home/qi/sfw/ibamr/IBAMR/ibtk/src/coarsen_ops/CartSideDoubleCubicCoarsen.cpp'' at line 133
WARNING MESSAGE: 
CartSideDoubleCubicCoarsen::coarsen():
  cubic coarsening requires a refinement ratio of 4 or larger.
  reverting to weighted averaging.

INSStaggeredHierarchyIntegrator::initializeCompositeHierarchyData():
  projecting the interpolated velocity field
INSStaggeredHierarchyIntegrator::regridProjection(): regrid projection solve number of iterations = 0
INSStaggeredHierarchyIntegrator::regridProjection(): regrid projection solve residual norm        = 0
Warning in file ``/home/qi/sfw/ibamr/IBAMR/ibtk/src/coarsen_ops/CartCellDoubleCubicCoarsen.cpp'' at line 125
WARNING MESSAGE: 
CartCellDoubleCubicCoarsen::coarsen():
  cubic coarsening requires a refinement ratio of 4 or larger.
  reverting to weighted averaging.

Input database:
input_db {
   MU                           = 0.01                      // input used
   RHO                          = 1                         // input used
   L                            = 1                         // input used
   MAX_LEVELS                   = 2                         // input used
   REF_RATIO                    = 2                         // input used
   N                            = 48                        // input used
   NFINEST                      = 96                        // input used
   DX0                          = 0.0208333                 // input not used
   DX                           = 0.0104167                 // input used
   MFAC                         = 0.25                      // input used
   ELEM_TYPE                    = "QUAD4"                   // input used
   PK1_DEV_QUAD_ORDER           = "THIRD"                   // input used
   PK1_DIL_QUAD_ORDER           = "FIRST"                   // input used
   U_MAX                        = 2                         // input not used
   C1_S                         = 0.1                       // input used
   P0_S                         = 0.1                       // input used
   BETA_S                       = 1.5                       // input used
   STRESS_FUNCTION              = "MODIFIED"                // input used
   USE_VOLUMETRIC_TERM          = TRUE                      // input used
   YOUNGS_MOD                   = 250                       // input not used
   TRACTION_FORCE               = 6.25                      // input not used
   SHEAR_MOD                    = 0.1                       // input used
   POISSON_RATIO                = 0.499                     // input used
   BULK_MOD                     = 49.9667                   // input used
   SAFETY                       = 0.5                       // input not used
   IB_DELTA_FUNCTION            = "IB_3"                    // input not used
   SPLIT_FORCES                 = FALSE                     // input not used
   USE_PRESSURE_JUMP_CONDITIONS = TRUE                      // input used
   USE_VELOCITY_JUMP_CONDITIONS = TRUE                      // input used
   COMPUTE_FLUID_TRACTION       = TRUE                      // input used
   WSS_CALC_WIDTH               = 1.05                      // input used
   P_CALC_WIDTH                 = 1.3                       // input used
   USE_CONSISTENT_MASS_MATRIX   = TRUE                      // input used
   IB_POINT_DENSITY             = 3                         // input used
   SOLVER_TYPE                  = "STAGGERED"               // input used
   CFL_MAX                      = 0.25                      // input used
   DT                           = 0.0005                    // input used
   START_TIME                   = 0                         // input used
   END_TIME                     = 10                        // input used
   GROW_DT                      = 2                         // input used
   NUM_CYCLES                   = 1                         // input used
   CONVECTIVE_TS_TYPE           = "ADAMS_BASHFORTH"         // input used
   CONVECTIVE_OP_TYPE           = "PPM"                     // input used
   CONVECTIVE_FORM              = "ADVECTIVE"               // input used
   NORMALIZE_PRESSURE           = FALSE                     // input used
   ERROR_ON_DT_CHANGE           = TRUE                      // input used
   VORTICITY_TAGGING            = TRUE                      // input used
   TAG_BUFFER                   = 1                         // input used
   REGRID_CFL_INTERVAL          = 0.5                       // input used
   OUTPUT_U                     = TRUE                      // input used
   OUTPUT_P                     = TRUE                      // input used
   OUTPUT_F                     = TRUE                      // input used
   OUTPUT_OMEGA                 = TRUE                      // input used
   OUTPUT_DIV_U                 = TRUE                      // input used
   ENABLE_LOGGING               = TRUE                      // input used
   NCYCLE                       = 1                         // input not used
   KAPPA_S                      = 1000                      // input used
   ETA_S                        = 0.5                       // input used
   SIM_NUM                      = 9                         // input not used
   PROJECTION_METHOD_TYPE       = "PRESSURE_UPDATE"         // input used
   SECOND_ORDER_PRESSURE_UPDATE = TRUE                      // input used
   VelocityBcCoefs_0 {
      acoef_function_0 = "1.0"                              // input used
      acoef_function_1 = "1.0"                              // input used
      acoef_function_2 = "1.0"                              // input used
      acoef_function_3 = "1.0"                              // input used
      bcoef_function_0 = "0.0"                              // input used
      bcoef_function_1 = "0.0"                              // input used
      bcoef_function_2 = "0.0"                              // input used
      bcoef_function_3 = "0.0"                              // input used
      gcoef_function_0 = "0.0"                              // input used
      gcoef_function_1 = "0.0"                              // input used
      gcoef_function_2 = "0.0"                              // input used
      gcoef_function_3 = "1.0"                              // input used
   }
   VelocityBcCoefs_1 {
      acoef_function_0 = "1.0"                              // input used
      acoef_function_1 = "1.0"                              // input used
      acoef_function_2 = "1.0"                              // input used
      acoef_function_3 = "1.0"                              // input used
      bcoef_function_0 = "0.0"                              // input used
      bcoef_function_1 = "0.0"                              // input used
      bcoef_function_2 = "0.0"                              // input used
      bcoef_function_3 = "0.0"                              // input used
      gcoef_function_0 = "0.0"                              // input used
      gcoef_function_1 = "0.0"                              // input used
      gcoef_function_2 = "0.0"                              // input used
      gcoef_function_3 = "0.0"                              // input used
   }
   IBHierarchyIntegrator {
      start_time          = 0                               // input used
      end_time            = 10                              // input used
      grow_dt             = 2                               // input used
      num_cycles          = 1                               // input used
      regrid_cfl_interval = 0.5                             // input used
      dt_max              = 0.0005                          // input used
      error_on_dt_change  = TRUE                            // input used
      enable_logging      = TRUE                            // input used
   }
   IIMethod {
      use_pressure_jump_conditions = TRUE                   // input used
      use_velocity_jump_conditions = TRUE                   // input used
      use_consistent_mass_matrix   = TRUE                   // input used
      IB_point_density             = 3                      // input used
      compute_fluid_traction       = TRUE                   // input used
      wss_calc_width               = 1.05                   // input used
      p_calc_width                 = 1.3                    // input used
      exterior_calc_coef           = 0                      // input used
      min_ghost_cell_width         = 6                      // input used
      velocity_stabilization_eps   = 0.5                    // input used
   }
   INSCollocatedHierarchyIntegrator {
      mu                            = 0.01                  // input not used
      rho                           = 1                     // input not used
      start_time                    = 0                     // input not used
      end_time                      = 10                    // input not used
      grow_dt                       = 2                     // input not used
      convective_time_stepping_type = "ADAMS_BASHFORTH"     // input not used
      convective_op_type            = "PPM"                 // input not used
      convective_difference_form    = "ADVECTIVE"           // input not used
      normalize_pressure            = FALSE                 // input not used
      cfl                           = 0.25                  // input not used
      dt_max                        = 0.0005                // input not used
      using_vorticity_tagging       = TRUE                  // input not used
      vorticity_rel_thresh          = 0.01                  // input not used
      tag_buffer                    = 1                     // input not used
      output_U                      = TRUE                  // input not used
      output_P                      = TRUE                  // input not used
      output_F                      = TRUE                  // input not used
      output_Omega                  = TRUE                  // input not used
      output_Div_U                  = TRUE                  // input not used
      enable_logging                = TRUE                  // input not used
      projection_method_type        = "PRESSURE_UPDATE"     // input not used
      use_2nd_order_pressure_update = TRUE                  // input not used
   }
   FEMechanicsExplicitIntegrator {
      use_consistent_mass_matrix = TRUE                     // input used
      libmesh_partitioner_type   = "LIBMESH_DEFAULT"        // from default
   }
   INSStaggeredHierarchyIntegrator {
      mu                            = 0.01                  // input used
      rho                           = 1                     // input used
      start_time                    = 0                     // input used
      end_time                      = 10                    // input used
      grow_dt                       = 2                     // input used
      convective_time_stepping_type = "ADAMS_BASHFORTH"     // input used
      convective_op_type            = "PPM"                 // input used
      convective_difference_form    = "ADVECTIVE"           // input used
      normalize_pressure            = FALSE                 // input used
      cfl                           = 0.25                  // input used
      dt_max                        = 0.0005                // input used
      using_vorticity_tagging       = TRUE                  // input used
      vorticity_rel_thresh          = 0.01                  // input used
      tag_buffer                    = 1                     // input used
      output_U                      = TRUE                  // input used
      output_P                      = TRUE                  // input used
      output_F                      = TRUE                  // input used
      output_Omega                  = TRUE                  // input used
      output_Div_U                  = TRUE                  // input used
      enable_logging                = TRUE                  // input used
      U_P_bdry_interp_type          = "LINEAR"              // from default
   }
   Main {
      solver_type                 = "STAGGERED"             // input used
      log_file_name               = "IB2d_PR_499_dt5em4_k1000_em5.log" // input used
      log_all_nodes               = FALSE                   // input used
      viz_writer                  = "VisIt", "ExodusII"     // input used
      viz_dump_interval           = 1                       // input used
      viz_dump_dirname            = "viz_IB2d_PR_499_dt5em4_k1000_em5" // input used
      visit_number_procs_per_file = 1                       // input used
      restart_dump_interval       = 0                       // input used
      restart_dump_dirname        = "restart_IB2d_test"     // input used
      data_dump_interval          = 0                       // input used
      data_dump_dirname           = "hier_data_IB2d_test"   // input used
      timer_dump_interval         = 0                       // input used
   }
   CartesianGeometry {
      domain_boxes       = [(0,0),(47,47)]                  // input used
      x_lo               = 0, 0                             // input used
      x_up               = 1, 1                             // input used
      periodic_dimension = 0, 0                             // input used
   }
   GriddingAlgorithm {
      max_levels                = 2                         // input used
      efficiency_tolerance      = 0.85                      // input used
      combine_efficiency        = 0.85                      // input used
      check_nonrefined_tags     = 'w'                       // from default
      check_overlapping_patches = 'i'                       // from default
      extend_tags_to_bdry       = FALSE                     // from default
      ratio_to_coarser {
         level_1 = 2, 2                                     // input used
         level_2 = 2, 2                                     // input not used
         level_3 = 2, 2                                     // input not used
         level_4 = 2, 2                                     // input not used
         level_5 = 2, 2                                     // input not used
      }
      largest_patch_size {
         level_0 = 512, 512                                 // input used
      }
      smallest_patch_size {
         level_0 = 8, 8                                     // input used
      }
   }
   StandardTagAndInitialize {
      tagging_method = "GRADIENT_DETECTOR"                  // input used
   }
   LoadBalancer {
      bin_pack_method                      = "SPATIAL"      // input used
      max_workload_factor                  = 1              // input used
      ignore_level_box_union_is_single_box = FALSE          // from default
   }
   TimerManager {
      print_exclusive      = FALSE                          // input used
      print_total          = TRUE                           // input used
      print_threshold      = 0.1                            // input used
      timer_list           = "IBAMR::*::*", "IBTK::*::*", "*::*::*" // input used
      print_processor      = TRUE                           // from default
      print_max            = FALSE                          // from default
      print_summed         = FALSE                          // from default
      print_user           = FALSE                          // from default
      print_sys            = FALSE                          // from default
      print_wall           = TRUE                           // from default
      print_percentage     = TRUE                           // from default
      print_concurrent     = FALSE                          // from default
      print_timer_overhead = FALSE                          // from default
   }
}


Writing visualization files...


+++++++++++++++++++++++++++++++++++++++++++++++++++
At beginning of timestep # 0
Simulation time is 0
IBHierarchyIntegrator::advanceHierarchy(): time interval = [0,0.0005], dt = 0.0005
IBHierarchyIntegrator::advanceHierarchy(): regridding prior to timestep 0
IBHierarchyIntegrator::regridHierarchy(): starting Lagrangian data movement
IBHierarchyIntegrator::regridHierarchy(): regridding the patch hierarchy
IBHierarchyIntegrator::regridHierarchy(): finishing Lagrangian data movement
INSStaggeredHierarchyIntegrator::preprocessIntegrateHierarchy(): initializing convective operator
INSStaggeredHierarchyIntegrator::preprocessIntegrateHierarchy(): initializing velocity subdomain solver
INSStaggeredHierarchyIntegrator::preprocessIntegrateHierarchy(): initializing pressure subdomain solver
INSStaggeredHierarchyIntegrator::preprocessIntegrateHierarchy(): initializing incompressible Stokes solver
IBHierarchyIntegrator::preprocessIntegrateHierarchy(): performing Lagrangian forward Euler step
IBHierarchyIntegrator::advanceHierarchy(): integrating hierarchy
IBHierarchyIntegrator::integrateHierarchy(): computing Lagrangian force
FEProjector::buildSmoothedL2ProjectionSolver(): building smoothed L2 projection solver for system: [[p]] system with epsilon: 0
FEProjector::buildSmoothedL2ProjectionSolver(): building smoothed L2 projection solver for system: velocity [[du]] jump system with epsilon: 0
FEProjector::buildSmoothedL2ProjectionSolver(): building smoothed L2 projection solver for system: velocity [[dv]] jump system with epsilon: 0
IBHierarchyIntegrator::integrateHierarchy(): spreading Lagrangian force to the Eulerian grid
IBHierarchyIntegrator::integrateHierarchy(): solving the incompressible Navier-Stokes equations
INSStaggeredHierarchyIntegrator::integrateHierarchy(): stokes solve number of iterations = 3
INSStaggeredHierarchyIntegrator::integrateHierarchy(): stokes solve residual norm        = 1.50622e-05
INSStaggeredHierarchyIntegrator::integrateHierarchy(): stokes solve number of iterations = 1
INSStaggeredHierarchyIntegrator::integrateHierarchy(): stokes solve residual norm        = 1.52566e-05
IBHierarchyIntegrator::integrateHierarchy(): interpolating Eulerian velocity to the Lagrangian mesh
FEProjector::buildSmoothedL2ProjectionSolver(): building smoothed L2 projection solver for system: velocity system with epsilon: 0.5
FEProjector::buildSmoothedL2ProjectionSolver(): building smoothed L2 projection solver for system: One sided exterior wall shear stress system with epsilon: 0.5
IBHierarchyIntegrator::integrateHierarchy(): performing Lagrangian midpoint-rule step
IBHierarchyIntegrator::postprocessIntegrateHierarchy(): interpolating Eulerian velocity to the Lagrangian mesh
FEProjector::buildSmoothedL2ProjectionSolver(): building smoothed L2 projection solver for system: One sided interior pressure system with epsilon: 0
FEProjector::buildSmoothedL2ProjectionSolver(): building smoothed L2 projection solver for system: One sided exterior pressure system with epsilon: 0
FEProjector::buildSmoothedL2ProjectionSolver(): building smoothed L2 projection solver for system: Interior traction system with epsilon: 0
FEProjector::buildSmoothedL2ProjectionSolver(): building smoothed L2 projection solver for system: Exterior traction system with epsilon: 0
IBHierarchyIntegrator::postprocessIntegrateHierarchy(): CFL number = 0.000520884
IBHierarchyIntegrator::postprocessIntegrateHierarchy(): Eulerian estimate of upper bound on IB point displacement since last regrid = 0.000520884
IBHierarchyIntegrator::advanceHierarchy(): synchronizing updated data
IBHierarchyIntegrator::advanceHierarchy(): resetting time dependent data

At end       of timestep # 0
Simulation time is 0.0005
+++++++++++++++++++++++++++++++++++++++++++++++++++


Writing visualization files...


+++++++++++++++++++++++++++++++++++++++++++++++++++
At beginning of timestep # 1
Simulation time is 0.0005
IBHierarchyIntegrator::advanceHierarchy(): time interval = [0.0005,0.001], dt = 0.0005
IBHierarchyIntegrator::preprocessIntegrateHierarchy(): performing Lagrangian forward Euler step
IBHierarchyIntegrator::advanceHierarchy(): integrating hierarchy
IBHierarchyIntegrator::integrateHierarchy(): computing Lagrangian force
IBHierarchyIntegrator::integrateHierarchy(): spreading Lagrangian force to the Eulerian grid
IBHierarchyIntegrator::integrateHierarchy(): solving the incompressible Navier-Stokes equations
INSStaggeredHierarchyIntegrator::integrateHierarchy(): stokes solve number of iterations = 3
INSStaggeredHierarchyIntegrator::integrateHierarchy(): stokes solve residual norm        = 1.11098e-05
IBHierarchyIntegrator::integrateHierarchy(): interpolating Eulerian velocity to the Lagrangian mesh
IBHierarchyIntegrator::integrateHierarchy(): performing Lagrangian midpoint-rule step
IBHierarchyIntegrator::postprocessIntegrateHierarchy(): interpolating Eulerian velocity to the Lagrangian mesh
IBHierarchyIntegrator::postprocessIntegrateHierarchy(): CFL number = 0.00102433
IBHierarchyIntegrator::postprocessIntegrateHierarchy(): Eulerian estimate of upper bound on IB point displacement since last regrid = 0.00154521
IBHierarchyIntegrator::advanceHierarchy(): synchronizing updated data
IBHierarchyIntegrator::advanceHierarchy(): resetting time dependent data

At end       of timestep # 1
Simulation time is 0.001
+++++++++++++++++++++++++++++++++++++++++++++++++++


Writing visualization files...


+++++++++++++++++++++++++++++++++++++++++++++++++++
At beginning of timestep # 2
Simulation time is 0.001
Warning in file ``/home/qi/sfw/ibamr/IBAMR/ibtk/src/lagrangian/FischerGuess.cpp'' at line 132
WARNING MESSAGE: 
FischerGuess::guess()
  Unable to compute the SVD of the correlation matrix.
  This is not a fatal error, but usually indicates that
  the finite element solution vectors are not valid,
  e.g., they may contain infinities or NaNs.
IBHierarchyIntegrator::advanceHierarchy(): time interval = [0.001,0.0015], dt = 0.0005
IBHierarchyIntegrator::preprocessIntegrateHierarchy(): performing Lagrangian forward Euler step
IBHierarchyIntegrator::advanceHierarchy(): integrating hierarchy
IBHierarchyIntegrator::integrateHierarchy(): computing Lagrangian force
IBHierarchyIntegrator::integrateHierarchy(): spreading Lagrangian force to the Eulerian grid
IBHierarchyIntegrator::integrateHierarchy(): solving the incompressible Navier-Stokes equations
INSStaggeredHierarchyIntegrator::integrateHierarchy(): stokes solve number of iterations = 3
INSStaggeredHierarchyIntegrator::integrateHierarchy(): stokes solve residual norm        = 1.87514e-05
IBHierarchyIntegrator::integrateHierarchy(): interpolating Eulerian velocity to the Lagrangian mesh
IBHierarchyIntegrator::integrateHierarchy(): performing Lagrangian midpoint-rule step
IBHierarchyIntegrator::postprocessIntegrateHierarchy(): interpolating Eulerian velocity to the Lagrangian mesh
IBHierarchyIntegrator::postprocessIntegrateHierarchy(): CFL number = 0.00506352
IBHierarchyIntegrator::postprocessIntegrateHierarchy(): Eulerian estimate of upper bound on IB point displacement since last regrid = 0.00660873
IBHierarchyIntegrator::advanceHierarchy(): synchronizing updated data
IBHierarchyIntegrator::advanceHierarchy(): resetting time dependent data
Warning in file ``/home/qi/sfw/ibamr/IBAMR/ibtk/src/lagrangian/FischerGuess.cpp'' at line 132
WARNING MESSAGE: 
FischerGuess::guess()
  Unable to compute the SVD of the correlation matrix.
  This is not a fatal error, but usually indicates that
  the finite element solution vectors are not valid,
  e.g., they may contain infinities or NaNs.
Warning in file ``/home/qi/sfw/ibamr/IBAMR/ibtk/src/lagrangian/FischerGuess.cpp'' at line 132
WARNING MESSAGE: 
FischerGuess::guess()
  Unable to compute the SVD of the correlation matrix.
  This is not a fatal error, but usually indicates that
  the finite element solution vectors are not valid,
  e.g., they may contain infinities or NaNs.

At end       of timestep # 2
Simulation time is 0.0015
+++++++++++++++++++++++++++++++++++++++++++++++++++


Writing visualization files...


+++++++++++++++++++++++++++++++++++++++++++++++++++
At beginning of timestep # 3
Simulation time is 0.0015
Warning in file ``/home/qi/sfw/ibamr/IBAMR/ibtk/src/lagrangian/FischerGuess.cpp'' at line 132
WARNING MESSAGE: 
FischerGuess::guess()
  Unable to compute the SVD of the correlation matrix.
  This is not a fatal error, but usually indicates that
  the finite element solution vectors are not valid,
  e.g., they may contain infinities or NaNs.
Warning in file ``/home/qi/sfw/ibamr/IBAMR/ibtk/src/lagrangian/FischerGuess.cpp'' at line 132
WARNING MESSAGE: 
FischerGuess::guess()
  Unable to compute the SVD of the correlation matrix.
  This is not a fatal error, but usually indicates that
  the finite element solution vectors are not valid,
  e.g., they may contain infinities or NaNs.
IBHierarchyIntegrator::advanceHierarchy(): time interval = [0.0015,0.002], dt = 0.0005
IBHierarchyIntegrator::preprocessIntegrateHierarchy(): performing Lagrangian forward Euler step
IBHierarchyIntegrator::advanceHierarchy(): integrating hierarchy
IBHierarchyIntegrator::integrateHierarchy(): computing Lagrangian force
IBHierarchyIntegrator::integrateHierarchy(): spreading Lagrangian force to the Eulerian grid
IBHierarchyIntegrator::integrateHierarchy(): solving the incompressible Navier-Stokes equations
INSStaggeredHierarchyIntegrator::integrateHierarchy(): stokes solve number of iterations = 3
INSStaggeredHierarchyIntegrator::integrateHierarchy(): stokes solve residual norm        = 1.97038e-05
IBHierarchyIntegrator::integrateHierarchy(): interpolating Eulerian velocity to the Lagrangian mesh
IBHierarchyIntegrator::integrateHierarchy(): performing Lagrangian midpoint-rule step
IBHierarchyIntegrator::postprocessIntegrateHierarchy(): interpolating Eulerian velocity to the Lagrangian mesh
IBHierarchyIntegrator::postprocessIntegrateHierarchy(): CFL number = 0.015102
IBHierarchyIntegrator::postprocessIntegrateHierarchy(): Eulerian estimate of upper bound on IB point displacement since last regrid = 0.0217108
IBHierarchyIntegrator::advanceHierarchy(): synchronizing updated data
IBHierarchyIntegrator::advanceHierarchy(): resetting time dependent data
Warning in file ``/home/qi/sfw/ibamr/IBAMR/ibtk/src/lagrangian/FischerGuess.cpp'' at line 132
WARNING MESSAGE: 
FischerGuess::guess()
  Unable to compute the SVD of the correlation matrix.
  This is not a fatal error, but usually indicates that
  the finite element solution vectors are not valid,
  e.g., they may contain infinities or NaNs.
Warning in file ``/home/qi/sfw/ibamr/IBAMR/ibtk/src/lagrangian/FischerGuess.cpp'' at line 132
WARNING MESSAGE: 
FischerGuess::guess()
  Unable to compute the SVD of the correlation matrix.
  This is not a fatal error, but usually indicates that
  the finite element solution vectors are not valid,
  e.g., they may contain infinities or NaNs.

At end       of timestep # 3
Simulation time is 0.002
+++++++++++++++++++++++++++++++++++++++++++++++++++


Writing visualization files...


+++++++++++++++++++++++++++++++++++++++++++++++++++
At beginning of timestep # 4
Simulation time is 0.002
Warning in file ``/home/qi/sfw/ibamr/IBAMR/ibtk/src/lagrangian/FischerGuess.cpp'' at line 132
WARNING MESSAGE: 
FischerGuess::guess()
  Unable to compute the SVD of the correlation matrix.
  This is not a fatal error, but usually indicates that
  the finite element solution vectors are not valid,
  e.g., they may contain infinities or NaNs.
Warning in file ``/home/qi/sfw/ibamr/IBAMR/ibtk/src/lagrangian/FischerGuess.cpp'' at line 132
WARNING MESSAGE: 
FischerGuess::guess()
  Unable to compute the SVD of the correlation matrix.
  This is not a fatal error, but usually indicates that
  the finite element solution vectors are not valid,
  e.g., they may contain infinities or NaNs.
IBHierarchyIntegrator::advanceHierarchy(): time interval = [0.002,0.0025], dt = 0.0005
IBHierarchyIntegrator::preprocessIntegrateHierarchy(): performing Lagrangian forward Euler step
IBHierarchyIntegrator::advanceHierarchy(): integrating hierarchy
IBHierarchyIntegrator::integrateHierarchy(): computing Lagrangian force
P=00000:Program abort called in file ``/home/qi/sfw/ibamr/IBAMR/examples/IIM/ex7/example.cpp'' at line 247
P=00000:ERROR MESSAGE: 
P=00000:Failed assertion: dx_length < 0.5 * DX
